<?xml version="1.0" encoding="UTF-8"?>
<!-- Generated by org.testng.reporters.JUnitReportReporter -->
<testsuite hostname="DESKTOP-5Q1E1SE" failures="0" tests="1" name="com.netbankV1.testCases.TC_LoginPage_001" time="1.879" errors="0" timestamp="12 Jun 2023 11:52:36 GMT" skipped="0">
  <testcase classname="com.netbankV1.testCases.TC_LoginPage_001" name="loginTest" time="1.879"/>
</testsuite> <!-- com.netbankV1.testCases.TC_LoginPage_001 -->
